<?xml version="1.0" encoding="UTF-8"?>
<testng-results skipped="0" failed="0" ignored="0" total="1" passed="1">
  <reporter-output>
  </reporter-output>
  <suite name="Suite" duration-ms="37" started-at="2018-04-06T04:27:12Z" finished-at="2018-04-06T04:27:12Z">
    <groups>
    </groups>
    <test name="Test" duration-ms="37" started-at="2018-04-06T04:27:12Z" finished-at="2018-04-06T04:27:12Z">
      <class name="com.bbc.GitMergeDemo.GitDemo">
        <test-method status="PASS" signature="testname()[pri:0, instance:com.bbc.GitMergeDemo.GitDemo@60285225]" name="testname" duration-ms="0" started-at="2018-04-06T04:27:12Z" finished-at="2018-04-06T04:27:12Z">
          <reporter-output>
          </reporter-output>
        </test-method> <!-- testname -->
      </class> <!-- com.bbc.GitMergeDemo.GitDemo -->
    </test> <!-- Test -->
  </suite> <!-- Suite -->
</testng-results>
